<?xml version="1.0" encoding="UTF-8"?>
<!-- Generated by org.testng.reporters.JUnitReportReporter -->
<testsuite hostname="DESKTOP-5K2F90C" failures="0" tests="1" name="test.SoapXmlRequest" time="3.149" errors="0" timestamp="2021-10-18T17:48:43 IST" skipped="0">
  <testcase classname="test.SoapXmlRequest" name="validateSoapXML" time="3.149"/>
  <system-out/>
</testsuite> <!-- test.SoapXmlRequest -->
