<?xml version="1.0" encoding="UTF-8"?>
<!-- Generated by org.testng.reporters.JUnitReportReporter -->
<testsuite hostname="DESKTOP-5K2F90C" failures="0" tests="1" name="test.Get_And_Post_Examples" time="2.736" errors="0" timestamp="2021-09-24T01:22:54 IST" skipped="0">
  <testcase classname="test.Get_And_Post_Examples" name="Post_Method" time="2.736"/>
  <system-out/>
</testsuite> <!-- test.Get_And_Post_Examples -->
