<?xml version="1.0" encoding="UTF-8"?>
<!-- Generated by org.testng.reporters.JUnitReportReporter -->
<testsuite hostname="DESKTOP-5K2F90C" failures="0" tests="2" name="test.TestExamples" time="2.786" errors="0" timestamp="2021-09-24T00:04:37 IST" skipped="0">
  <testcase classname="test.TestExamples" name="Test2" time="0.920"/>
  <system-out/>
  <testcase classname="test.TestExamples" name="Test1" time="1.866"/>
  <system-out/>
</testsuite> <!-- test.TestExamples -->
