<?xml version="1.0" encoding="UTF-8"?>
<!-- Generated by org.testng.reporters.JUnitReportReporter -->
<testsuite hostname="DESKTOP-5K2F90C" failures="0" tests="1" name="test.PUT_PATCH_DELETE" time="0.775" errors="0" timestamp="2021-09-26T17:54:26 IST" skipped="0">
  <testcase classname="test.PUT_PATCH_DELETE" name="Put_Method" time="0.775"/>
  <system-out/>
</testsuite> <!-- test.PUT_PATCH_DELETE -->
