<?xml version="1.0" encoding="UTF-8"?>
<!-- Generated by org.testng.reporters.JUnitReportReporter -->
<testsuite hostname="DESKTOP-5K2F90C" failures="0" tests="1" name="test.PUT_PATCH_DELETE$PUT_DELETE" time="2.437" errors="0" timestamp="2021-09-26T17:54:26 IST" skipped="0">
  <testcase classname="test.PUT_PATCH_DELETE$PUT_DELETE" name="delete_Method" time="2.437"/>
  <system-out/>
</testsuite> <!-- test.PUT_PATCH_DELETE$PUT_DELETE -->
