<?xml version="1.0" encoding="UTF-8"?>
<!-- Generated by org.testng.reporters.JUnitReportReporter -->
<testsuite hostname="DESKTOP-5K2F90C" failures="0" tests="1" name="test.TestonLocalAPI" time="1.455" errors="0" timestamp="2021-10-17T16:53:52 IST" skipped="0">
  <testcase classname="test.TestonLocalAPI" name="delete" time="1.455"/>
  <system-out/>
</testsuite> <!-- test.TestonLocalAPI -->
